<?xml version="1.0" encoding="UTF-8"?>
<testsuite xmlns:xsi="http://www.w3.org/2001/XMLSchema-instance" xsi:noNamespaceSchemaLocation="https://maven.apache.org/surefire/maven-surefire-plugin/xsd/surefire-test-report.xsd" name="gid_spring_boot_v1.aid_spring_boot_v1.AppTest" time="0.323" tests="1" errors="0" skipped="0" failures="0">
  <properties>
    <property name="sun.desktop" value="windows"/>
    <property name="awt.toolkit" value="sun.awt.windows.WToolkit"/>
    <property name="java.specification.version" value="10"/>
    <property name="file.encoding.pkg" value="sun.io"/>
    <property name="sun.cpu.isalist" value="amd64"/>
    <property name="sun.jnu.encoding" value="Cp1252"/>
    <property name="java.class.path" value="C:\Users\Carlos\eclipse-workspace\aid_spring_boot_v1\target\test-classes;C:\Users\Carlos\eclipse-workspace\aid_spring_boot_v1\target\classes;C:\Users\Carlos\.m2\org\springframework\boot\spring-boot-starter-web\2.1.6.RELEASE\spring-boot-starter-web-2.1.6.RELEASE.jar;C:\Users\Carlos\.m2\org\springframework\boot\spring-boot-starter\2.1.6.RELEASE\spring-boot-starter-2.1.6.RELEASE.jar;C:\Users\Carlos\.m2\org\springframework\boot\spring-boot\2.1.6.RELEASE\spring-boot-2.1.6.RELEASE.jar;C:\Users\Carlos\.m2\org\springframework\boot\spring-boot-autoconfigure\2.1.6.RELEASE\spring-boot-autoconfigure-2.1.6.RELEASE.jar;C:\Users\Carlos\.m2\org\springframework\boot\spring-boot-starter-logging\2.1.6.RELEASE\spring-boot-starter-logging-2.1.6.RELEASE.jar;C:\Users\Carlos\.m2\ch\qos\logback\logback-classic\1.2.3\logback-classic-1.2.3.jar;C:\Users\Carlos\.m2\ch\qos\logback\logback-core\1.2.3\logback-core-1.2.3.jar;C:\Users\Carlos\.m2\org\apache\logging\log4j\log4j-to-slf4j\2.11.2\log4j-to-slf4j-2.11.2.jar;C:\Users\Carlos\.m2\org\apache\logging\log4j\log4j-api\2.11.2\log4j-api-2.11.2.jar;C:\Users\Carlos\.m2\org\slf4j\jul-to-slf4j\1.7.26\jul-to-slf4j-1.7.26.jar;C:\Users\Carlos\.m2\javax\annotation\javax.annotation-api\1.3.2\javax.annotation-api-1.3.2.jar;C:\Users\Carlos\.m2\org\yaml\snakeyaml\1.23\snakeyaml-1.23.jar;C:\Users\Carlos\.m2\org\springframework\boot\spring-boot-starter-json\2.1.6.RELEASE\spring-boot-starter-json-2.1.6.RELEASE.jar;C:\Users\Carlos\.m2\com\fasterxml\jackson\core\jackson-databind\2.9.9\jackson-databind-2.9.9.jar;C:\Users\Carlos\.m2\com\fasterxml\jackson\core\jackson-annotations\2.9.0\jackson-annotations-2.9.0.jar;C:\Users\Carlos\.m2\com\fasterxml\jackson\core\jackson-core\2.9.9\jackson-core-2.9.9.jar;C:\Users\Carlos\.m2\com\fasterxml\jackson\datatype\jackson-datatype-jdk8\2.9.9\jackson-datatype-jdk8-2.9.9.jar;C:\Users\Carlos\.m2\com\fasterxml\jackson\datatype\jackson-datatype-jsr310\2.9.9\jackson-datatype-jsr310-2.9.9.jar;C:\Users\Carlos\.m2\com\fasterxml\jackson\module\jackson-module-parameter-names\2.9.9\jackson-module-parameter-names-2.9.9.jar;C:\Users\Carlos\.m2\org\springframework\boot\spring-boot-starter-tomcat\2.1.6.RELEASE\spring-boot-starter-tomcat-2.1.6.RELEASE.jar;C:\Users\Carlos\.m2\org\apache\tomcat\embed\tomcat-embed-core\9.0.21\tomcat-embed-core-9.0.21.jar;C:\Users\Carlos\.m2\org\apache\tomcat\embed\tomcat-embed-el\9.0.21\tomcat-embed-el-9.0.21.jar;C:\Users\Carlos\.m2\org\apache\tomcat\embed\tomcat-embed-websocket\9.0.21\tomcat-embed-websocket-9.0.21.jar;C:\Users\Carlos\.m2\org\hibernate\validator\hibernate-validator\6.0.17.Final\hibernate-validator-6.0.17.Final.jar;C:\Users\Carlos\.m2\javax\validation\validation-api\2.0.1.Final\validation-api-2.0.1.Final.jar;C:\Users\Carlos\.m2\org\jboss\logging\jboss-logging\3.3.2.Final\jboss-logging-3.3.2.Final.jar;C:\Users\Carlos\.m2\com\fasterxml\classmate\1.4.0\classmate-1.4.0.jar;C:\Users\Carlos\.m2\org\springframework\spring-web\5.1.8.RELEASE\spring-web-5.1.8.RELEASE.jar;C:\Users\Carlos\.m2\org\springframework\spring-beans\5.1.8.RELEASE\spring-beans-5.1.8.RELEASE.jar;C:\Users\Carlos\.m2\org\springframework\spring-webmvc\5.1.8.RELEASE\spring-webmvc-5.1.8.RELEASE.jar;C:\Users\Carlos\.m2\org\springframework\spring-aop\5.1.8.RELEASE\spring-aop-5.1.8.RELEASE.jar;C:\Users\Carlos\.m2\org\springframework\spring-context\5.1.8.RELEASE\spring-context-5.1.8.RELEASE.jar;C:\Users\Carlos\.m2\org\springframework\spring-expression\5.1.8.RELEASE\spring-expression-5.1.8.RELEASE.jar;C:\Users\Carlos\.m2\org\springframework\boot\spring-boot-starter-test\2.1.6.RELEASE\spring-boot-starter-test-2.1.6.RELEASE.jar;C:\Users\Carlos\.m2\org\springframework\boot\spring-boot-test\2.1.6.RELEASE\spring-boot-test-2.1.6.RELEASE.jar;C:\Users\Carlos\.m2\org\springframework\boot\spring-boot-test-autoconfigure\2.1.6.RELEASE\spring-boot-test-autoconfigure-2.1.6.RELEASE.jar;C:\Users\Carlos\.m2\junit\junit\4.12\junit-4.12.jar;C:\Users\Carlos\.m2\org\assertj\assertj-core\3.11.1\assertj-core-3.11.1.jar;C:\Users\Carlos\.m2\org\mockito\mockito-core\2.23.4\mockito-core-2.23.4.jar;C:\Users\Carlos\.m2\net\bytebuddy\byte-buddy\1.9.13\byte-buddy-1.9.13.jar;C:\Users\Carlos\.m2\net\bytebuddy\byte-buddy-agent\1.9.13\byte-buddy-agent-1.9.13.jar;C:\Users\Carlos\.m2\org\objenesis\objenesis\2.6\objenesis-2.6.jar;C:\Users\Carlos\.m2\org\hamcrest\hamcrest-core\1.3\hamcrest-core-1.3.jar;C:\Users\Carlos\.m2\org\hamcrest\hamcrest-library\1.3\hamcrest-library-1.3.jar;C:\Users\Carlos\.m2\org\skyscreamer\jsonassert\1.5.0\jsonassert-1.5.0.jar;C:\Users\Carlos\.m2\com\vaadin\external\google\android-json\0.0.20131108.vaadin1\android-json-0.0.20131108.vaadin1.jar;C:\Users\Carlos\.m2\org\springframework\spring-core\5.1.8.RELEASE\spring-core-5.1.8.RELEASE.jar;C:\Users\Carlos\.m2\org\springframework\spring-jcl\5.1.8.RELEASE\spring-jcl-5.1.8.RELEASE.jar;C:\Users\Carlos\.m2\org\springframework\spring-test\5.1.8.RELEASE\spring-test-5.1.8.RELEASE.jar;C:\Users\Carlos\.m2\org\xmlunit\xmlunit-core\2.6.2\xmlunit-core-2.6.2.jar;C:\Users\Carlos\.m2\javax\xml\bind\jaxb-api\2.3.1\jaxb-api-2.3.1.jar;C:\Users\Carlos\.m2\javax\activation\javax.activation-api\1.2.0\javax.activation-api-1.2.0.jar;C:\Users\Carlos\.m2\com\jayway\jsonpath\json-path\2.4.0\json-path-2.4.0.jar;C:\Users\Carlos\.m2\net\minidev\json-smart\2.3\json-smart-2.3.jar;C:\Users\Carlos\.m2\net\minidev\accessors-smart\1.2\accessors-smart-1.2.jar;C:\Users\Carlos\.m2\org\ow2\asm\asm\5.0.4\asm-5.0.4.jar;C:\Users\Carlos\.m2\org\slf4j\slf4j-api\1.7.26\slf4j-api-1.7.26.jar;"/>
    <property name="java.vm.vendor" value="&quot;Oracle Corporation&quot;"/>
    <property name="sun.arch.data.model" value="64"/>
    <property name="user.variant" value=""/>
    <property name="java.vendor.url" value="http://java.oracle.com/"/>
    <property name="user.timezone" value="Europe/Paris"/>
    <property name="java.vm.specification.version" value="10"/>
    <property name="os.name" value="Windows 7"/>
    <property name="sun.java.launcher" value="SUN_STANDARD"/>
    <property name="user.country" value="ES"/>
    <property name="sun.boot.library.path" value="C:\Program Files\Java\jdk-10.0.1\bin"/>
    <property name="sun.java.command" value="C:\Users\Carlos\AppData\Local\Temp\surefire17755394222181673266\surefirebooter5652554866394012028.jar C:\Users\Carlos\AppData\Local\Temp\surefire17755394222181673266 2019-07-09T23-52-35_191-jvmRun1 surefire11438995648260631374tmp surefire_09484388133607653589tmp"/>
    <property name="jdk.debug" value="release"/>
    <property name="surefire.test.class.path" value="C:\Users\Carlos\eclipse-workspace\aid_spring_boot_v1\target\test-classes;C:\Users\Carlos\eclipse-workspace\aid_spring_boot_v1\target\classes;C:\Users\Carlos\.m2\org\springframework\boot\spring-boot-starter-web\2.1.6.RELEASE\spring-boot-starter-web-2.1.6.RELEASE.jar;C:\Users\Carlos\.m2\org\springframework\boot\spring-boot-starter\2.1.6.RELEASE\spring-boot-starter-2.1.6.RELEASE.jar;C:\Users\Carlos\.m2\org\springframework\boot\spring-boot\2.1.6.RELEASE\spring-boot-2.1.6.RELEASE.jar;C:\Users\Carlos\.m2\org\springframework\boot\spring-boot-autoconfigure\2.1.6.RELEASE\spring-boot-autoconfigure-2.1.6.RELEASE.jar;C:\Users\Carlos\.m2\org\springframework\boot\spring-boot-starter-logging\2.1.6.RELEASE\spring-boot-starter-logging-2.1.6.RELEASE.jar;C:\Users\Carlos\.m2\ch\qos\logback\logback-classic\1.2.3\logback-classic-1.2.3.jar;C:\Users\Carlos\.m2\ch\qos\logback\logback-core\1.2.3\logback-core-1.2.3.jar;C:\Users\Carlos\.m2\org\apache\logging\log4j\log4j-to-slf4j\2.11.2\log4j-to-slf4j-2.11.2.jar;C:\Users\Carlos\.m2\org\apache\logging\log4j\log4j-api\2.11.2\log4j-api-2.11.2.jar;C:\Users\Carlos\.m2\org\slf4j\jul-to-slf4j\1.7.26\jul-to-slf4j-1.7.26.jar;C:\Users\Carlos\.m2\javax\annotation\javax.annotation-api\1.3.2\javax.annotation-api-1.3.2.jar;C:\Users\Carlos\.m2\org\yaml\snakeyaml\1.23\snakeyaml-1.23.jar;C:\Users\Carlos\.m2\org\springframework\boot\spring-boot-starter-json\2.1.6.RELEASE\spring-boot-starter-json-2.1.6.RELEASE.jar;C:\Users\Carlos\.m2\com\fasterxml\jackson\core\jackson-databind\2.9.9\jackson-databind-2.9.9.jar;C:\Users\Carlos\.m2\com\fasterxml\jackson\core\jackson-annotations\2.9.0\jackson-annotations-2.9.0.jar;C:\Users\Carlos\.m2\com\fasterxml\jackson\core\jackson-core\2.9.9\jackson-core-2.9.9.jar;C:\Users\Carlos\.m2\com\fasterxml\jackson\datatype\jackson-datatype-jdk8\2.9.9\jackson-datatype-jdk8-2.9.9.jar;C:\Users\Carlos\.m2\com\fasterxml\jackson\datatype\jackson-datatype-jsr310\2.9.9\jackson-datatype-jsr310-2.9.9.jar;C:\Users\Carlos\.m2\com\fasterxml\jackson\module\jackson-module-parameter-names\2.9.9\jackson-module-parameter-names-2.9.9.jar;C:\Users\Carlos\.m2\org\springframework\boot\spring-boot-starter-tomcat\2.1.6.RELEASE\spring-boot-starter-tomcat-2.1.6.RELEASE.jar;C:\Users\Carlos\.m2\org\apache\tomcat\embed\tomcat-embed-core\9.0.21\tomcat-embed-core-9.0.21.jar;C:\Users\Carlos\.m2\org\apache\tomcat\embed\tomcat-embed-el\9.0.21\tomcat-embed-el-9.0.21.jar;C:\Users\Carlos\.m2\org\apache\tomcat\embed\tomcat-embed-websocket\9.0.21\tomcat-embed-websocket-9.0.21.jar;C:\Users\Carlos\.m2\org\hibernate\validator\hibernate-validator\6.0.17.Final\hibernate-validator-6.0.17.Final.jar;C:\Users\Carlos\.m2\javax\validation\validation-api\2.0.1.Final\validation-api-2.0.1.Final.jar;C:\Users\Carlos\.m2\org\jboss\logging\jboss-logging\3.3.2.Final\jboss-logging-3.3.2.Final.jar;C:\Users\Carlos\.m2\com\fasterxml\classmate\1.4.0\classmate-1.4.0.jar;C:\Users\Carlos\.m2\org\springframework\spring-web\5.1.8.RELEASE\spring-web-5.1.8.RELEASE.jar;C:\Users\Carlos\.m2\org\springframework\spring-beans\5.1.8.RELEASE\spring-beans-5.1.8.RELEASE.jar;C:\Users\Carlos\.m2\org\springframework\spring-webmvc\5.1.8.RELEASE\spring-webmvc-5.1.8.RELEASE.jar;C:\Users\Carlos\.m2\org\springframework\spring-aop\5.1.8.RELEASE\spring-aop-5.1.8.RELEASE.jar;C:\Users\Carlos\.m2\org\springframework\spring-context\5.1.8.RELEASE\spring-context-5.1.8.RELEASE.jar;C:\Users\Carlos\.m2\org\springframework\spring-expression\5.1.8.RELEASE\spring-expression-5.1.8.RELEASE.jar;C:\Users\Carlos\.m2\org\springframework\boot\spring-boot-starter-test\2.1.6.RELEASE\spring-boot-starter-test-2.1.6.RELEASE.jar;C:\Users\Carlos\.m2\org\springframework\boot\spring-boot-test\2.1.6.RELEASE\spring-boot-test-2.1.6.RELEASE.jar;C:\Users\Carlos\.m2\org\springframework\boot\spring-boot-test-autoconfigure\2.1.6.RELEASE\spring-boot-test-autoconfigure-2.1.6.RELEASE.jar;C:\Users\Carlos\.m2\junit\junit\4.12\junit-4.12.jar;C:\Users\Carlos\.m2\org\assertj\assertj-core\3.11.1\assertj-core-3.11.1.jar;C:\Users\Carlos\.m2\org\mockito\mockito-core\2.23.4\mockito-core-2.23.4.jar;C:\Users\Carlos\.m2\net\bytebuddy\byte-buddy\1.9.13\byte-buddy-1.9.13.jar;C:\Users\Carlos\.m2\net\bytebuddy\byte-buddy-agent\1.9.13\byte-buddy-agent-1.9.13.jar;C:\Users\Carlos\.m2\org\objenesis\objenesis\2.6\objenesis-2.6.jar;C:\Users\Carlos\.m2\org\hamcrest\hamcrest-core\1.3\hamcrest-core-1.3.jar;C:\Users\Carlos\.m2\org\hamcrest\hamcrest-library\1.3\hamcrest-library-1.3.jar;C:\Users\Carlos\.m2\org\skyscreamer\jsonassert\1.5.0\jsonassert-1.5.0.jar;C:\Users\Carlos\.m2\com\vaadin\external\google\android-json\0.0.20131108.vaadin1\android-json-0.0.20131108.vaadin1.jar;C:\Users\Carlos\.m2\org\springframework\spring-core\5.1.8.RELEASE\spring-core-5.1.8.RELEASE.jar;C:\Users\Carlos\.m2\org\springframework\spring-jcl\5.1.8.RELEASE\spring-jcl-5.1.8.RELEASE.jar;C:\Users\Carlos\.m2\org\springframework\spring-test\5.1.8.RELEASE\spring-test-5.1.8.RELEASE.jar;C:\Users\Carlos\.m2\org\xmlunit\xmlunit-core\2.6.2\xmlunit-core-2.6.2.jar;C:\Users\Carlos\.m2\javax\xml\bind\jaxb-api\2.3.1\jaxb-api-2.3.1.jar;C:\Users\Carlos\.m2\javax\activation\javax.activation-api\1.2.0\javax.activation-api-1.2.0.jar;C:\Users\Carlos\.m2\com\jayway\jsonpath\json-path\2.4.0\json-path-2.4.0.jar;C:\Users\Carlos\.m2\net\minidev\json-smart\2.3\json-smart-2.3.jar;C:\Users\Carlos\.m2\net\minidev\accessors-smart\1.2\accessors-smart-1.2.jar;C:\Users\Carlos\.m2\org\ow2\asm\asm\5.0.4\asm-5.0.4.jar;C:\Users\Carlos\.m2\org\slf4j\slf4j-api\1.7.26\slf4j-api-1.7.26.jar;"/>
    <property name="sun.cpu.endian" value="little"/>
    <property name="user.home" value="C:\Users\Carlos"/>
    <property name="user.language" value="es"/>
    <property name="java.specification.vendor" value="Oracle Corporation"/>
    <property name="java.version.date" value="2018-04-17"/>
    <property name="java.home" value="C:\Program Files\Java\jdk-10.0.1"/>
    <property name="file.separator" value="\"/>
    <property name="basedir" value="C:\Users\Carlos\eclipse-workspace\aid_spring_boot_v1"/>
    <property name="java.vm.compressedOopsMode" value="32-bit"/>
    <property name="line.separator" value="&#10;"/>
    <property name="java.specification.name" value="Java Platform API Specification"/>
    <property name="java.vm.specification.vendor" value="Oracle Corporation"/>
    <property name="java.awt.graphicsenv" value="sun.awt.Win32GraphicsEnvironment"/>
    <property name="surefire.real.class.path" value="C:\Users\Carlos\AppData\Local\Temp\surefire17755394222181673266\surefirebooter5652554866394012028.jar"/>
    <property name="user.script" value=""/>
    <property name="sun.management.compiler" value="HotSpot 64-Bit Tiered Compilers"/>
    <property name="java.runtime.version" value="10.0.1+10"/>
    <property name="user.name" value="Carlos"/>
    <property name="path.separator" value=";"/>
    <property name="os.version" value="6.1"/>
    <property name="java.runtime.name" value="Java(TM) SE Runtime Environment"/>
    <property name="file.encoding" value="Cp1252"/>
    <property name="java.vm.name" value="Java HotSpot(TM) 64-Bit Server VM"/>
    <property name="java.vendor.version" value="18.3"/>
    <property name="localRepository" value="C:\Users\Carlos\.m2"/>
    <property name="java.vendor.url.bug" value="http://bugreport.java.com/bugreport/"/>
    <property name="java.io.tmpdir" value="C:\Users\Carlos\AppData\Local\Temp\"/>
    <property name="java.version" value="10.0.1"/>
    <property name="user.dir" value="C:\Users\Carlos\eclipse-workspace\aid_spring_boot_v1"/>
    <property name="os.arch" value="amd64"/>
    <property name="java.vm.specification.name" value="Java Virtual Machine Specification"/>
    <property name="java.awt.printerjob" value="sun.awt.windows.WPrinterJob"/>
    <property name="sun.os.patch.level" value="Service Pack 1"/>
    <property name="java.library.path" value="C:\Program Files\Java\jdk-10.0.1\bin;C:\Windows\Sun\Java\bin;C:\Windows\system32;C:\Windows;C:\Program Files (x86)\Common Files\Oracle\Java\javapath;C:\ProgramData\Oracle\Java\javapath;C:\Program Files\Common Files\Microsoft Shared\Windows Live;C:\Program Files (x86)\Common Files\Microsoft Shared\Windows Live;C:\Windows\system32;C:\Windows;C:\Windows\System32\Wbem;C:\Windows\System32\WindowsPowerShell\v1.0\;C:\Program Files (x86)\Windows Live\Shared;C:\Program Files (x86)\EgisTec MyWinLocker\x64;C:\Program Files (x86)\EgisTec MyWinLocker\;C:\Program Files (x86)\NVIDIA Corporation\PhysX\Common;C:\TDM-GCC-64\bin;C:\Program Files\Git\cmd;C:\apache-maven-3.6.1\bin;C:\Program Files\Java\jdk-10.0.1\bin;."/>
    <property name="java.vendor" value="Oracle Corporation"/>
    <property name="java.vm.info" value="mixed mode"/>
    <property name="java.vm.version" value="10.0.1+10"/>
    <property name="sun.io.unicode.encoding" value="UnicodeLittle"/>
    <property name="java.class.version" value="54.0"/>
  </properties>
  <testcase name="testApp" classname="gid_spring_boot_v1.aid_spring_boot_v1.AppTest" time="0.005"/>
</testsuite>